<?xml version="1.0" encoding="UTF-8"?>
<!-- Generated by org.testng.reporters.JUnitReportReporter -->
<testsuite skipped="1" hostname="RACD-002157" name="com.magic.web.tests.HotelBookingTest" tests="2" failures="0" timestamp="04 Jun 2019 05:43:00 GMT" time="0.014" errors="1">
  <testcase name="beforeSuite" time="0.014" classname="com.magic.web.tests.HotelBookingTest">
    <error type="java.lang.IllegalArgumentException" message="FailedTestsScreenshots does not exist">
      <![CDATA[java.lang.IllegalArgumentException: FailedTestsScreenshots does not exist
at org.apache.commons.io.FileUtils.verifiedListFiles(FileUtils.java:1741)
at org.apache.commons.io.FileUtils.cleanDirectory(FileUtils.java:1716)
at com.magic.utils.GenericUtil.cleanUpFolder(GenericUtil.java:63)
at com.magic.web.TestBase.beforeSuite(TestBase.java:62)
at sun.reflect.NativeMethodAccessorImpl.invoke0(Native Method)
at sun.reflect.NativeMethodAccessorImpl.invoke(NativeMethodAccessorImpl.java:62)
at sun.reflect.DelegatingMethodAccessorImpl.invoke(DelegatingMethodAccessorImpl.java:43)
at java.lang.reflect.Method.invoke(Method.java:498)
at org.testng.internal.MethodInvocationHelper.invokeMethod(MethodInvocationHelper.java:124)
at org.testng.internal.MethodInvocationHelper.invokeMethodConsideringTimeout(MethodInvocationHelper.java:59)
at org.testng.internal.Invoker.invokeConfigurationMethod(Invoker.java:458)
at org.testng.internal.Invoker.invokeConfigurations(Invoker.java:222)
at org.testng.internal.Invoker.invokeConfigurations(Invoker.java:142)
at org.testng.SuiteRunner.privateRun(SuiteRunner.java:401)
at org.testng.SuiteRunner.run(SuiteRunner.java:364)
at org.testng.SuiteRunnerWorker.runSuite(SuiteRunnerWorker.java:52)
at org.testng.SuiteRunnerWorker.run(SuiteRunnerWorker.java:84)
at org.testng.TestNG.runSuitesSequentially(TestNG.java:1208)
at org.testng.TestNG.runSuitesLocally(TestNG.java:1137)
at org.testng.TestNG.runSuites(TestNG.java:1049)
at org.testng.TestNG.run(TestNG.java:1017)
at org.testng.remote.AbstractRemoteTestNG.run(AbstractRemoteTestNG.java:115)
at org.testng.remote.RemoteTestNG.initAndRun(RemoteTestNG.java:251)
at org.testng.remote.RemoteTestNG.main(RemoteTestNG.java:77)
]]>
    </error>
  </testcase> <!-- beforeSuite -->
  <testcase name="searchHotelTest" time="0.000" classname="com.magic.web.tests.HotelBookingTest">
    <skipped/>
  </testcase> <!-- searchHotelTest -->
</testsuite> <!-- com.magic.web.tests.HotelBookingTest -->
